Determining if the pthread_create exist failed with the following output:
Change Dir: /home/kris-allen/AIBC/github/OTB/tracker/CSK/build/CMakeFiles/CMakeTmp

Run Build Command:"/usr/bin/make" "cmTC_e183f/fast"
/usr/bin/make -f CMakeFiles/cmTC_e183f.dir/build.make CMakeFiles/cmTC_e183f.dir/build
make[1]: Entering directory '/home/kris-allen/AIBC/github/OTB/tracker/CSK/build/CMakeFiles/CMakeTmp'
Building C object CMakeFiles/cmTC_e183f.dir/CheckSymbolExists.c.o
/usr/bin/cc    -fPIC    -o CMakeFiles/cmTC_e183f.dir/CheckSymbolExists.c.o   -c /home/kris-allen/AIBC/github/OTB/tracker/CSK/build/CMakeFiles/CMakeTmp/CheckSymbolExists.c
Linking C executable cmTC_e183f
/usr/bin/cmake -E cmake_link_script CMakeFiles/cmTC_e183f.dir/link.txt --verbose=1
/usr/bin/cc  -fPIC     CMakeFiles/cmTC_e183f.dir/CheckSymbolExists.c.o  -o cmTC_e183f -rdynamic 
CMakeFiles/cmTC_e183f.dir/CheckSymbolExists.c.o: In function `main':
CheckSymbolExists.c:(.text+0x1b): undefined reference to `pthread_create'
collect2: error: ld returned 1 exit status
CMakeFiles/cmTC_e183f.dir/build.make:97: recipe for target 'cmTC_e183f' failed
make[1]: *** [cmTC_e183f] Error 1
make[1]: Leaving directory '/home/kris-allen/AIBC/github/OTB/tracker/CSK/build/CMakeFiles/CMakeTmp'
Makefile:126: recipe for target 'cmTC_e183f/fast' failed
make: *** [cmTC_e183f/fast] Error 2

File /home/kris-allen/AIBC/github/OTB/tracker/CSK/build/CMakeFiles/CMakeTmp/CheckSymbolExists.c:
/* */
#include <pthread.h>

int main(int argc, char** argv)
{
  (void)argv;
#ifndef pthread_create
  return ((int*)(&pthread_create))[argc];
#else
  (void)argc;
  return 0;
#endif
}

Determining if the function pthread_create exists in the pthreads failed with the following output:
Change Dir: /home/kris-allen/AIBC/github/OTB/tracker/CSK/build/CMakeFiles/CMakeTmp

Run Build Command:"/usr/bin/make" "cmTC_9c1a1/fast"
/usr/bin/make -f CMakeFiles/cmTC_9c1a1.dir/build.make CMakeFiles/cmTC_9c1a1.dir/build
make[1]: Entering directory '/home/kris-allen/AIBC/github/OTB/tracker/CSK/build/CMakeFiles/CMakeTmp'
Building C object CMakeFiles/cmTC_9c1a1.dir/CheckFunctionExists.c.o
/usr/bin/cc    -fPIC -DCHECK_FUNCTION_EXISTS=pthread_create   -o CMakeFiles/cmTC_9c1a1.dir/CheckFunctionExists.c.o   -c /usr/share/cmake-3.5/Modules/CheckFunctionExists.c
Linking C executable cmTC_9c1a1
/usr/bin/cmake -E cmake_link_script CMakeFiles/cmTC_9c1a1.dir/link.txt --verbose=1
/usr/bin/cc  -fPIC -DCHECK_FUNCTION_EXISTS=pthread_create    CMakeFiles/cmTC_9c1a1.dir/CheckFunctionExists.c.o  -o cmTC_9c1a1 -rdynamic -lpthreads 
/usr/bin/ld: cannot find -lpthreads
collect2: error: ld returned 1 exit status
CMakeFiles/cmTC_9c1a1.dir/build.make:97: recipe for target 'cmTC_9c1a1' failed
make[1]: *** [cmTC_9c1a1] Error 1
make[1]: Leaving directory '/home/kris-allen/AIBC/github/OTB/tracker/CSK/build/CMakeFiles/CMakeTmp'
Makefile:126: recipe for target 'cmTC_9c1a1/fast' failed
make: *** [cmTC_9c1a1/fast] Error 2


